cashbox/build/intermediates/manifest_merge_blame_file/release/manifest-merger-blame-release-report.txt
1<?xml version="1.0" encoding="utf-8"?>
2<manifest xmlns:android="http://schemas.android.com/apk/res/android"
3    package="com.hcd.hcdposfactorykit"
4    android:versionCode="13"
5    android:versionName="2.0.10" >
6
7    <uses-sdk
8        android:minSdkVersion="16"
8-->src/main/AndroidManifest.xml
9        android:targetSdkVersion="28" />
9-->src/main/AndroidManifest.xml
10
11    <uses-permission android:name="android.permission.WAKE_LOCK" />
11-->src/main/AndroidManifest.xml:3:5-67
11-->src/main/AndroidManifest.xml:3:22-65
12    <uses-permission android:name="android.permission.ACCESS_NETWORK_STATE" />
12-->src/main/AndroidManifest.xml:4:5-78
12-->src/main/AndroidManifest.xml:4:22-76
13    <uses-permission android:name="android.permission.CHANGE_NETWORK_STATE" />
13-->src/main/AndroidManifest.xml:5:5-78
13-->src/main/AndroidManifest.xml:5:22-76
14    <uses-permission android:name="android.permission.ACCESS_WIFI_STATE" />
14-->src/main/AndroidManifest.xml:6:5-75
14-->src/main/AndroidManifest.xml:6:22-73
15    <uses-permission android:name="android.permission.CHANGE_WIFI_STATE" />
15-->src/main/AndroidManifest.xml:7:5-75
15-->src/main/AndroidManifest.xml:7:22-73
16    <uses-permission android:name="android.permission.BLUETOOTH" />
16-->src/main/AndroidManifest.xml:8:5-67
16-->src/main/AndroidManifest.xml:8:22-65
17    <uses-permission android:name="android.permission.BLUETOOTH_ADMIN" />
17-->src/main/AndroidManifest.xml:9:5-73
17-->src/main/AndroidManifest.xml:9:22-71
18    <uses-permission android:name="android.permission.MODIFY_AUDIO_SETTINGS" />
18-->src/main/AndroidManifest.xml:10:5-79
18-->src/main/AndroidManifest.xml:10:22-77
19    <uses-permission android:name="android.permission.FORCE_STOP_PACKAGES" />
19-->src/main/AndroidManifest.xml:11:5-77
19-->src/main/AndroidManifest.xml:11:22-75
20    <uses-permission android:name="android.permission.CAMERA" />
20-->src/main/AndroidManifest.xml:12:5-64
20-->src/main/AndroidManifest.xml:12:22-62
21    <uses-permission android:name="android.permission.FLASHLIGHT" />
21-->src/main/AndroidManifest.xml:13:5-68
21-->src/main/AndroidManifest.xml:13:22-66
22
23</manifest>